2020-07-02 17:34:18.157 [INFO /main/openBaseURL]: loginPagePOM(27): Opening URL:-http://172.23.36.206:30050/#/login
2020-07-02 17:34:18.167 [INFO /main/enterAUUID]: loginPagePOM(32): Entering AUUID :2388006In username
2020-07-02 17:34:18.346 [INFO /main/writeText]: BasePage(43): Writing 2388006to  By.xpath: //input[@autocomplete="new-password"]
2020-07-02 17:34:18.347 [INFO /main/clickOnSubmitBtn]: loginPagePOM(38): Clicking on Submit button
2020-07-02 17:34:18.440 [INFO /main/click]: BasePage(35): Clicking on elementBy.xpath:  //*[@type='submit']
2020-07-02 17:34:18.441 [INFO /main/enterPassword]: loginPagePOM(48): Send password to Password field
2020-07-02 17:34:19.011 [INFO /main/writeText]: BasePage(43): Writing Secure@2021to  By.name: password
2020-07-02 17:34:19.011 [INFO /main/checkLoginButton]: loginPagePOM(53): checking login button is enabled or not
2020-07-02 17:34:19.060 [INFO /main/clickOnVisibleButton]: loginPagePOM(63): Clicking on Visible Password Button
2020-07-02 17:34:19.977 [INFO /main/click]: BasePage(35): Clicking on elementBy.xpath:  //*[@class='visibility-icon c-pointer abs visible-status mat-icon notranslate material-icons mat-icon-no-color ng-star-inserted']
2020-07-02 17:34:19.978 [INFO /main/clickOnVisibleButton]: loginPagePOM(63): Clicking on Visible Password Button
2020-07-02 17:34:20.080 [INFO /main/click]: BasePage(35): Clicking on elementBy.xpath:  //*[@class='visibility-icon c-pointer abs visible-status mat-icon notranslate material-icons mat-icon-no-color ng-star-inserted']
2020-07-02 17:34:20.080 [INFO /main/clickOnLogin]: loginPagePOM(58): Clicking on Login button
2020-07-02 17:34:20.156 [INFO /main/click]: BasePage(35): Clicking on elementBy.xpath:  //*[@type='submit']
2020-07-02 17:34:50.303 [INFO /main/click]: BasePage(35): Clicking on elementBy.xpath: //mat-toolbar//button
2020-07-02 17:34:50.979 [INFO /main/click]: BasePage(35): Clicking on elementBy.xpath: //*[@class="ellipsis"]
2020-07-02 17:34:51.431 [INFO /main/click]: BasePage(35): Clicking on elementBy.xpath: //mat-toolbar//button
2020-07-02 17:34:51.515 [INFO /main/click]: BasePage(35): Clicking on elementBy.xpath: //mat-toolbar//button
2020-07-02 17:34:51.630 [INFO /main/click]: BasePage(35): Clicking on elementBy.xpath: //*[@class="ellipsis"]
2020-07-02 17:34:51.958 [INFO /main/click]: BasePage(35): Clicking on elementBy.xpath: //a[contains(text(),'Customer Interaction')]
2020-07-02 17:34:52.123 [INFO /main/writeText]: BasePage(43): Writing 735873718to  By.xpath: //input[@name="search"]
2020-07-02 17:34:52.234 [INFO /main/click]: BasePage(35): Clicking on elementBy.xpath: //button[@class="search-icon-btn"]
