2020-07-09 01:39:00.695 [INFO /main/openBaseURL]: loginPagePOM(27): Opening URL:-http://172.23.36.206:30050/#/login
2020-07-09 01:39:00.742 [INFO /main/enterAUUID]: loginPagePOM(32): Entering AUUID :2390495In username
2020-07-09 01:39:01.155 [INFO /main/writeText]: BasePage(43): Writing 2390495to  By.xpath: //input[@autocomplete="new-password"]
2020-07-09 01:39:01.156 [INFO /main/clickOnSubmitBtn]: loginPagePOM(38): Clicking on Submit button
2020-07-09 01:39:01.378 [INFO /main/click]: BasePage(35): Clicking on elementBy.xpath:  //*[@type='submit']
2020-07-09 01:39:01.378 [INFO /main/enterPassword]: loginPagePOM(48): Send password to Password field
2020-07-09 01:39:02.028 [INFO /main/writeText]: BasePage(43): Writing June@123$to  By.name: password
2020-07-09 01:39:02.029 [INFO /main/checkLoginButton]: loginPagePOM(53): checking login button is enabled or not
2020-07-09 01:39:02.150 [INFO /main/clickOnVisibleButton]: loginPagePOM(63): Clicking on Visible Password Button
2020-07-09 01:39:02.934 [INFO /main/click]: BasePage(35): Clicking on elementBy.xpath:  //*[@class='visibility-icon c-pointer abs visible-status mat-icon notranslate material-icons mat-icon-no-color ng-star-inserted']
2020-07-09 01:39:02.935 [INFO /main/clickOnVisibleButton]: loginPagePOM(63): Clicking on Visible Password Button
2020-07-09 01:39:03.058 [INFO /main/click]: BasePage(35): Clicking on elementBy.xpath:  //*[@class='visibility-icon c-pointer abs visible-status mat-icon notranslate material-icons mat-icon-no-color ng-star-inserted']
2020-07-09 01:39:03.058 [INFO /main/clickOnLogin]: loginPagePOM(58): Clicking on Login button
2020-07-09 01:39:03.192 [INFO /main/click]: BasePage(35): Clicking on elementBy.xpath:  //*[@type='submit']
2020-07-09 01:39:33.251 [INFO /main/isQueueLoginPage]: agentLoginPagePOM(20): Supervisor Login Page
2020-07-09 01:39:33.472 [INFO /main/clickSelectQueue]: agentLoginPagePOM(25): Select Login Queue
2020-07-09 01:39:33.702 [INFO /main/click]: BasePage(35): Clicking on elementBy.xpath: //span[contains(text(),'Select Sub Workgroup (Queue)')]
2020-07-09 01:39:33.703 [INFO /main/selectAllQueue]: agentLoginPagePOM(46): Selecting ALL Queue
2020-07-09 01:39:33.977 [INFO /main/click]: BasePage(35): Clicking on elementBy.xpath: //body/div/div/div/div/div/app-select-all/mat-checkbox/label/span[1]
2020-07-09 01:39:33.977 [INFO /main/clickSubmitBtn]: agentLoginPagePOM(35): Clicking on Submit Button
2020-07-09 01:39:34.395 [INFO /main/click]: BasePage(35): Clicking on elementBy.xpath: //span[contains(text(),'Submit')]
