2020-07-09 00:46:10.240 [INFO /main/openBaseURL]: loginPagePOM(27): Opening URL:-http://172.23.36.206:30050/#/login
2020-07-09 00:46:10.270 [INFO /main/enterAUUID]: loginPagePOM(32): Entering AUUID :2390495In username
2020-07-09 00:46:10.550 [INFO /main/writeText]: BasePage(43): Writing 2390495to  By.xpath: //input[@autocomplete="new-password"]
2020-07-09 00:46:10.550 [INFO /main/clickOnSubmitBtn]: loginPagePOM(38): Clicking on Submit button
2020-07-09 00:46:10.746 [INFO /main/click]: BasePage(35): Clicking on elementBy.xpath:  //*[@type='submit']
2020-07-09 00:46:10.746 [INFO /main/enterPassword]: loginPagePOM(48): Send password to Password field
2020-07-09 00:46:11.428 [INFO /main/writeText]: BasePage(43): Writing June@123$to  By.name: password
2020-07-09 00:46:11.429 [INFO /main/checkLoginButton]: loginPagePOM(53): checking login button is enabled or not
2020-07-09 00:46:11.505 [INFO /main/clickOnVisibleButton]: loginPagePOM(63): Clicking on Visible Password Button
2020-07-09 00:46:12.340 [INFO /main/click]: BasePage(35): Clicking on elementBy.xpath:  //*[@class='visibility-icon c-pointer abs visible-status mat-icon notranslate material-icons mat-icon-no-color ng-star-inserted']
2020-07-09 00:46:12.341 [INFO /main/clickOnVisibleButton]: loginPagePOM(63): Clicking on Visible Password Button
2020-07-09 00:46:12.478 [INFO /main/click]: BasePage(35): Clicking on elementBy.xpath:  //*[@class='visibility-icon c-pointer abs visible-status mat-icon notranslate material-icons mat-icon-no-color ng-star-inserted']
2020-07-09 00:46:12.478 [INFO /main/clickOnLogin]: loginPagePOM(58): Clicking on Login button
2020-07-09 00:46:12.611 [INFO /main/click]: BasePage(35): Clicking on elementBy.xpath:  //*[@type='submit']
2020-07-09 00:46:42.679 [INFO /main/isQueueLoginPage]: agentLoginPagePOM(20): Supervisor Login Page
2020-07-09 00:46:42.928 [INFO /main/clickSelectQueue]: agentLoginPagePOM(25): Select Login Queue
2020-07-09 00:46:43.166 [INFO /main/click]: BasePage(35): Clicking on elementBy.xpath: //span[contains(text(),'Select Sub Workgroup (Queue)')]
2020-07-09 00:46:53.166 [INFO /main/selectAllQueue]: agentLoginPagePOM(46): Selecting ALL Queue
2020-07-09 00:46:53.580 [INFO /main/click]: BasePage(35): Clicking on elementBy.xpath: //body/div/div/div/div/div/app-select-all/mat-checkbox/label/span[1]
2020-07-09 00:46:53.580 [INFO /main/clickSubmitBtn]: agentLoginPagePOM(35): Clicking on Submit Button
2020-07-09 00:46:54.015 [INFO /main/click]: BasePage(35): Clicking on elementBy.xpath: //span[contains(text(),'Submit')]
