2020-07-02 17:28:20.703 [INFO /main/openBaseURL]: loginPagePOM(27): Opening URL:-http://172.23.36.206:30050/#/login
2020-07-02 17:28:20.712 [INFO /main/enterAUUID]: loginPagePOM(32): Entering AUUID :2388006In username
2020-07-02 17:28:20.895 [INFO /main/writeText]: BasePage(43): Writing 2388006to  By.xpath: //input[@autocomplete="new-password"]
2020-07-02 17:28:20.895 [INFO /main/clickOnSubmitBtn]: loginPagePOM(38): Clicking on Submit button
2020-07-02 17:28:20.990 [INFO /main/click]: BasePage(35): Clicking on elementBy.xpath:  //*[@type='submit']
2020-07-02 17:28:20.991 [INFO /main/enterPassword]: loginPagePOM(48): Send password to Password field
2020-07-02 17:28:21.577 [INFO /main/writeText]: BasePage(43): Writing Secure@2021to  By.name: password
2020-07-02 17:28:21.578 [INFO /main/checkLoginButton]: loginPagePOM(53): checking login button is enabled or not
2020-07-02 17:28:21.634 [INFO /main/clickOnVisibleButton]: loginPagePOM(63): Clicking on Visible Password Button
2020-07-02 17:28:22.535 [INFO /main/click]: BasePage(35): Clicking on elementBy.xpath:  //*[@class='visibility-icon c-pointer abs visible-status mat-icon notranslate material-icons mat-icon-no-color ng-star-inserted']
2020-07-02 17:28:22.535 [INFO /main/clickOnVisibleButton]: loginPagePOM(63): Clicking on Visible Password Button
2020-07-02 17:28:22.613 [INFO /main/click]: BasePage(35): Clicking on elementBy.xpath:  //*[@class='visibility-icon c-pointer abs visible-status mat-icon notranslate material-icons mat-icon-no-color ng-star-inserted']
2020-07-02 17:28:22.613 [INFO /main/clickOnLogin]: loginPagePOM(58): Clicking on Login button
2020-07-02 17:28:22.690 [INFO /main/click]: BasePage(35): Clicking on elementBy.xpath:  //*[@type='submit']
2020-07-02 17:28:52.833 [INFO /main/click]: BasePage(35): Clicking on elementBy.xpath: //mat-toolbar//button
2020-07-02 17:28:53.516 [INFO /main/click]: BasePage(35): Clicking on elementBy.xpath: //*[@class="ellipsis"]
2020-07-02 17:28:53.967 [INFO /main/click]: BasePage(35): Clicking on elementBy.xpath: //mat-toolbar//button
2020-07-02 17:28:54.068 [INFO /main/click]: BasePage(35): Clicking on elementBy.xpath: //mat-toolbar//button
2020-07-02 17:28:58.446 [INFO /main/click]: BasePage(35): Clicking on elementBy.xpath: //*[@class="ellipsis"]
2020-07-02 17:28:58.768 [INFO /main/click]: BasePage(35): Clicking on elementBy.xpath: //a[contains(text(),'Customer Interaction')]
2020-07-02 17:28:58.929 [INFO /main/writeText]: BasePage(43): Writing 735873718to  By.xpath: //input[@name="search"]
2020-07-02 17:28:59.042 [INFO /main/click]: BasePage(35): Clicking on elementBy.xpath: //button[@class="search-icon-btn"]
